<?xml version="1.0" encoding="UTF-8"?>
<!-- Generated by org.testng.reporters.JUnitReportReporter -->
<testsuite hostname="250G7SSD-8TH" failures="0" tests="1" name="com.inetbanking.testCases.TC_LoginTest_001" time="3.634" errors="0" timestamp="2024-03-05T17:01:42 IST" skipped="0">
  <testcase classname="com.inetbanking.testCases.TC_LoginTest_001" name="loginTest" time="3.634"/>
</testsuite> <!-- com.inetbanking.testCases.TC_LoginTest_001 -->
